<?xml version="1.0" encoding="UTF-8"?>
<!-- Generated by org.testng.reporters.JUnitReportReporter -->
<testsuite skipped="0" hostname="KOUSHIK" name="Automation.Maven.NewTest" tests="3" failures="0" timestamp="22 Jun 2018 08:27:39 GMT" time="0.013" errors="0">
  <testcase name="g" time="0.011" classname="Automation.Maven.NewTest"/>
  <testcase name="h" time="0.001" classname="Automation.Maven.NewTest"/>
  <testcase name="f" time="0.001" classname="Automation.Maven.NewTest"/>
</testsuite> <!-- Automation.Maven.NewTest -->
