<?xml version="1.0" encoding="UTF-8"?>
<!-- Generated by org.testng.reporters.JUnitReportReporter -->
<testsuite skipped="0" hostname="KOUSHIK" name="Automation.Maven.SignTest" tests="1" failures="0" timestamp="26 Jun 2018 10:19:47 GMT" time="0.005" errors="0">
  <testcase name="f" time="0.005" classname="Automation.Maven.SignTest"/>
</testsuite> <!-- Automation.Maven.SignTest -->
